{"level":'error', "time": '2024-03-31 16:14:30', "msg":'handlerMsg 数据解析失败,err:json: cannot unmarshal number into Go value of type models.WRequest, message:123'}
{"level":'error', "time": '2024-03-31 16:15:41', "msg":'handlerMsg 数据解析失败,err:invalid character 'P' looking for beginning of value, message:PING'}
{"level":'error', "time": '2024-03-31 16:15:42', "msg":'handlerMsg 数据解析失败,err:invalid character 'P' looking for beginning of value, message:PING'}
{"level":'error', "time": '2024-03-31 16:15:43', "msg":'handlerMsg 数据解析失败,err:invalid character 'P' looking for beginning of value, message:PING'}
{"level":'error', "time": '2024-03-31 16:15:44', "msg":'handlerMsg 数据解析失败,err:invalid character 'P' looking for beginning of value, message:PING'}
{"level":'error', "time": '2024-03-31 16:17:02', "msg":'websocket start recover:runtime error: invalid memory address or nil pointer dereference, stack:goroutine 16 [running]:
runtime/debug.Stack()
	D:/Program Files (x86)/Go/src/runtime/debug/stack.go:24 +0x65
server-go/internal/app/models.(*ClientManager).start.func1()
	D:/code/kk-chat/server-go/internal/app/models/client_manager.go:252 +0x56
panic({0x16f4e80, 0x22e6950})
	D:/Program Files (x86)/Go/src/runtime/panic.go:884 +0x213
server-go/internal/app/models.(*ClientManager).EventRegister(0xc0004c9f30?, 0xc0006d2000)
	D:/code/kk-chat/server-go/internal/app/models/client_manager.go:177 +0x36
server-go/internal/app/models.(*ClientManager).start(0xc0004b0180)
	D:/code/kk-chat/server-go/internal/app/models/client_manager.go:260 +0x23f
created by server-go/internal/app/models.Start
	D:/code/kk-chat/server-go/internal/app/models/client_manager.go:243 +0x65
'}
{"level":'error', "time": '2024-03-31 16:18:06', "msg":'websocket start recover:runtime error: invalid memory address or nil pointer dereference, stack:goroutine 12 [running]:
runtime/debug.Stack()
	D:/Program Files (x86)/Go/src/runtime/debug/stack.go:24 +0x65
server-go/internal/app/models.(*ClientManager).start.func1()
	D:/code/kk-chat/server-go/internal/app/models/client_manager.go:252 +0x56
panic({0x16f4e80, 0x22e6950})
	D:/Program Files (x86)/Go/src/runtime/panic.go:884 +0x213
server-go/internal/app/models.(*ClientManager).EventRegister(0xc000519f30?, 0xc0004c2000)
	D:/code/kk-chat/server-go/internal/app/models/client_manager.go:177 +0x36
server-go/internal/app/models.(*ClientManager).start(0xc0005aac80)
	D:/code/kk-chat/server-go/internal/app/models/client_manager.go:260 +0x23f
created by server-go/internal/app/models.Start
	D:/code/kk-chat/server-go/internal/app/models/client_manager.go:243 +0x65
'}
{"level":'error', "time": '2024-03-31 16:19:18', "msg":'handlerMsg 数据解析失败,err:json: cannot unmarshal number into Go value of type models.WRequest, message:123'}
{"level":'error', "time": '2024-03-31 16:19:59', "msg":'handlerMsg 数据解析失败,err:invalid character 'e' looking for beginning of object key string, message:{event: 'hello', data:'world'}'}
{"level":'error', "time": '2024-03-31 16:20:21', "msg":'handlerMsg 数据解析失败,err:invalid character 'e' looking for beginning of object key string, message:{event: 'hello', data:{'str':'str'}}'}
{"level":'error', "time": '2024-03-31 16:20:24', "msg":'handlerMsg 数据解析失败,err:invalid character 'e' looking for beginning of object key string, message:{event: 'hello', data:{'str':'str'}}'}
{"level":'error', "time": '2024-03-31 22:48:31', "msg":'handlerMsg request.Event is null'}
{"level":'error', "time": '2024-03-31 23:28:16', "msg":'handlerMsg function id SendMessage: not registered'}
{"level":'error', "time": '2024-03-31 23:28:39', "msg":'handlerMsg function id SendMessage: not registered'}
